[INFO] Scanning for projects...
[INFO] 
[INFO] ---------------------< com.mohit.graohql:GraphQL >----------------------
[INFO] Building GraphQL 0.0.1-SNAPSHOT
[INFO]   from pom.xml
[INFO] --------------------------------[ jar ]---------------------------------
[INFO] 
[INFO] >>> spring-boot:4.0.6:run (default-cli) > test-compile @ GraphQL >>>
[INFO] 
[INFO] --- resources:3.3.1:resources (default-resources) @ GraphQL ---
[INFO] Copying 1 resource from src/main/resources to target/classes
[INFO] Copying 1 resource from src/main/resources to target/classes
[INFO] 
[INFO] --- compiler:3.14.1:compile (default-compile) @ GraphQL ---
[INFO] Nothing to compile - all classes are up to date.
[INFO] 
[INFO] --- resources:3.3.1:testResources (default-testResources) @ GraphQL ---
[INFO] skip non existing resourceDirectory /Users/mohityadav/PracticeSet1/GraphQL/src/test/resources
[INFO] 
[INFO] --- compiler:3.14.1:testCompile (default-testCompile) @ GraphQL ---
[INFO] Nothing to compile - all classes are up to date.
[INFO] 
[INFO] <<< spring-boot:4.0.6:run (default-cli) < test-compile @ GraphQL <<<
[INFO] 
[INFO] 
[INFO] --- spring-boot:4.0.6:run (default-cli) @ GraphQL ---
[INFO] Attaching agents: []

  .   ____          _            __ _ _
 /\\ / ___'_ __ _ _(_)_ __  __ _ \ \ \ \
( ( )\___ | '_ | '_| | '_ \/ _` | \ \ \ \
 \\/  ___)| |_)| | | | | || (_| |  ) ) ) )
  '  |____| .__|_| |_|_| |_\__, | / / / /
 =========|_|==============|___/=/_/_/_/

 :: Spring Boot ::                (v4.0.6)

2026-05-03T14:30:03.331+05:30  INFO 6538 --- [GraphQL] [           main] c.m.graohql.GraphQL.GraphQlApplication   : Starting GraphQlApplication using Java 23.0.1 with PID 6538 (/Users/mohityadav/PracticeSet1/GraphQL/target/classes started by mohityadav in /Users/mohityadav/PracticeSet1/GraphQL)
2026-05-03T14:30:03.334+05:30  INFO 6538 --- [GraphQL] [           main] c.m.graohql.GraphQL.GraphQlApplication   : No active profile set, falling back to 1 default profile: "default"
2026-05-03T14:30:03.559+05:30  INFO 6538 --- [GraphQL] [           main] .s.d.r.c.RepositoryConfigurationDelegate : Multiple Spring Data modules found, entering strict repository configuration mode
2026-05-03T14:30:03.560+05:30  INFO 6538 --- [GraphQL] [           main] .s.d.r.c.RepositoryConfigurationDelegate : Bootstrapping Spring Data JPA repositories in DEFAULT mode.
2026-05-03T14:30:03.611+05:30  INFO 6538 --- [GraphQL] [           main] .s.d.r.c.RepositoryConfigurationDelegate : Finished Spring Data repository scanning in 48 ms. Found 1 JPA repository interface.
2026-05-03T14:30:03.628+05:30  INFO 6538 --- [GraphQL] [           main] .s.d.r.c.RepositoryConfigurationDelegate : Multiple Spring Data modules found, entering strict repository configuration mode
2026-05-03T14:30:03.628+05:30  INFO 6538 --- [GraphQL] [           main] .s.d.r.c.RepositoryConfigurationDelegate : Bootstrapping Spring Data Redis repositories in DEFAULT mode.
2026-05-03T14:30:03.634+05:30  INFO 6538 --- [GraphQL] [           main] .RepositoryConfigurationExtensionSupport : Spring Data Redis - Could not safely identify store assignment for repository candidate interface com.mohit.graohql.GraphQL.Repository.MovieRepo; If you want this repository to be a Redis repository, consider annotating your entities with one of these annotations: org.springframework.data.redis.core.RedisHash (preferred), or consider extending one of the following types with your repository: org.springframework.data.keyvalue.repository.KeyValueRepository
2026-05-03T14:30:03.634+05:30  INFO 6538 --- [GraphQL] [           main] .s.d.r.c.RepositoryConfigurationDelegate : Finished Spring Data repository scanning in 1 ms. Found 0 Redis repository interfaces.
2026-05-03T14:30:03.835+05:30  INFO 6538 --- [GraphQL] [           main] o.s.boot.tomcat.TomcatWebServer          : Tomcat initialized with port 8080 (http)
2026-05-03T14:30:03.840+05:30  INFO 6538 --- [GraphQL] [           main] o.apache.catalina.core.StandardService   : Starting service [Tomcat]
2026-05-03T14:30:03.840+05:30  INFO 6538 --- [GraphQL] [           main] o.apache.catalina.core.StandardEngine    : Starting Servlet engine: [Apache Tomcat/11.0.21]
2026-05-03T14:30:03.860+05:30  INFO 6538 --- [GraphQL] [           main] b.w.c.s.WebApplicationContextInitializer : Root WebApplicationContext: initialization completed in 503 ms
2026-05-03T14:30:03.925+05:30  INFO 6538 --- [GraphQL] [           main] org.hibernate.orm.jpa                    : HHH008540: Processing PersistenceUnitInfo [name: default]
2026-05-03T14:30:03.941+05:30  INFO 6538 --- [GraphQL] [           main] org.hibernate.orm.core                   : HHH000001: Hibernate ORM core version 7.2.12.Final
2026-05-03T14:30:04.094+05:30  INFO 6538 --- [GraphQL] [           main] o.s.o.j.p.SpringPersistenceUnitInfo      : No LoadTimeWeaver setup: ignoring JPA class transformer
2026-05-03T14:30:04.105+05:30  INFO 6538 --- [GraphQL] [           main] com.zaxxer.hikari.HikariDataSource       : HikariPool-1 - Starting...
2026-05-03T14:30:04.278+05:30  INFO 6538 --- [GraphQL] [           main] com.zaxxer.hikari.pool.HikariPool        : HikariPool-1 - Added connection com.mysql.cj.jdbc.ConnectionImpl@740ee00f
2026-05-03T14:30:04.279+05:30  INFO 6538 --- [GraphQL] [           main] com.zaxxer.hikari.HikariDataSource       : HikariPool-1 - Start completed.
2026-05-03T14:30:04.316+05:30  INFO 6538 --- [GraphQL] [           main] org.hibernate.orm.connections.pooling    : HHH10001005: Database info:
	Database JDBC URL [jdbc:mysql://localhost:3306/sys]
	Database driver: MySQL Connector/J
	Database dialect: MySQLDialect
	Database version: 9.1
	Default catalog/schema: sys/undefined
	Autocommit mode: undefined/unknown
	Isolation level: REPEATABLE_READ [default REPEATABLE_READ]
	JDBC fetch size: none
	Pool: DataSourceConnectionProvider
	Minimum pool size: undefined/unknown
	Maximum pool size: undefined/unknown
2026-05-03T14:30:04.645+05:30  INFO 6538 --- [GraphQL] [           main] org.hibernate.orm.core                   : HHH000489: No JTA platform available (set 'hibernate.transaction.jta.platform' to enable JTA platform integration)
Hibernate: alter table review drop foreign key FK8378dhlpvq0e9tnkn9mx0r64i
2026-05-03T14:30:04.940+05:30  WARN 6538 --- [GraphQL] [           main] o.h.t.s.i.ExceptionHandlerLoggedImpl     : GenerationTarget encountered exception accepting command : Error executing DDL "alter table review drop foreign key FK8378dhlpvq0e9tnkn9mx0r64i" via JDBC [Table 'sys.review' doesn't exist]

org.hibernate.tool.schema.spi.CommandAcceptanceException: Error executing DDL "alter table review drop foreign key FK8378dhlpvq0e9tnkn9mx0r64i" via JDBC [Table 'sys.review' doesn't exist]
	at org.hibernate.tool.schema.internal.exec.GenerationTargetToDatabase.accept(GenerationTargetToDatabase.java:81) ~[hibernate-core-7.2.12.Final.jar:7.2.12.Final]
	at org.hibernate.tool.schema.internal.Helper.applySqlString(Helper.java:218) ~[hibernate-core-7.2.12.Final.jar:7.2.12.Final]
	at org.hibernate.tool.schema.internal.Helper.applySqlStrings(Helper.java:204) ~[hibernate-core-7.2.12.Final.jar:7.2.12.Final]
	at org.hibernate.tool.schema.internal.SchemaDropperImpl.applyConstraintDropping(SchemaDropperImpl.java:473) ~[hibernate-core-7.2.12.Final.jar:7.2.12.Final]
	at org.hibernate.tool.schema.internal.SchemaDropperImpl.dropConstraintsTablesSequences(SchemaDropperImpl.java:237) ~[hibernate-core-7.2.12.Final.jar:7.2.12.Final]
	at org.hibernate.tool.schema.internal.SchemaDropperImpl.dropFromMetadata(SchemaDropperImpl.java:210) ~[hibernate-core-7.2.12.Final.jar:7.2.12.Final]
	at org.hibernate.tool.schema.internal.SchemaDropperImpl.performDrop(SchemaDropperImpl.java:182) ~[hibernate-core-7.2.12.Final.jar:7.2.12.Final]
	at org.hibernate.tool.schema.internal.SchemaDropperImpl.doDrop(SchemaDropperImpl.java:152) ~[hibernate-core-7.2.12.Final.jar:7.2.12.Final]
	at org.hibernate.tool.schema.internal.SchemaDropperImpl.doDrop(SchemaDropperImpl.java:112) ~[hibernate-core-7.2.12.Final.jar:7.2.12.Final]
	at org.hibernate.tool.schema.spi.SchemaManagementToolCoordinator.performDatabaseAction(SchemaManagementToolCoordinator.java:227) ~[hibernate-core-7.2.12.Final.jar:7.2.12.Final]
	at org.hibernate.tool.schema.spi.SchemaManagementToolCoordinator.lambda$process$1(SchemaManagementToolCoordinator.java:101) ~[hibernate-core-7.2.12.Final.jar:7.2.12.Final]
	at java.base/java.util.HashMap.forEach(HashMap.java:1430) ~[na:na]
	at org.hibernate.tool.schema.spi.SchemaManagementToolCoordinator.process(SchemaManagementToolCoordinator.java:100) ~[hibernate-core-7.2.12.Final.jar:7.2.12.Final]
	at org.hibernate.boot.internal.SessionFactoryObserverForSchemaExport.sessionFactoryCreated(SessionFactoryObserverForSchemaExport.java:35) ~[hibernate-core-7.2.12.Final.jar:7.2.12.Final]
	at org.hibernate.internal.SessionFactoryObserverChain.sessionFactoryCreated(SessionFactoryObserverChain.java:33) ~[hibernate-core-7.2.12.Final.jar:7.2.12.Final]
	at org.hibernate.internal.SessionFactoryImpl.<init>(SessionFactoryImpl.java:323) ~[hibernate-core-7.2.12.Final.jar:7.2.12.Final]
	at org.hibernate.internal.SessionFactoryRegistry.instantiateSessionFactory(SessionFactoryRegistry.java:64) ~[hibernate-core-7.2.12.Final.jar:7.2.12.Final]
	at org.hibernate.boot.internal.SessionFactoryBuilderImpl.build(SessionFactoryBuilderImpl.java:437) ~[hibernate-core-7.2.12.Final.jar:7.2.12.Final]
	at org.hibernate.jpa.boot.internal.EntityManagerFactoryBuilderImpl.build(EntityManagerFactoryBuilderImpl.java:1456) ~[hibernate-core-7.2.12.Final.jar:7.2.12.Final]
	at org.springframework.orm.jpa.vendor.SpringHibernateJpaPersistenceProvider.createContainerEntityManagerFactory(SpringHibernateJpaPersistenceProvider.java:93) ~[spring-orm-7.0.7.jar:7.0.7]
	at org.springframework.orm.jpa.LocalContainerEntityManagerFactoryBean.createNativeEntityManagerFactory(LocalContainerEntityManagerFactoryBean.java:443) ~[spring-orm-7.0.7.jar:7.0.7]
	at org.springframework.orm.jpa.AbstractEntityManagerFactoryBean.buildNativeEntityManagerFactory(AbstractEntityManagerFactoryBean.java:436) ~[spring-orm-7.0.7.jar:7.0.7]
	at org.springframework.orm.jpa.AbstractEntityManagerFactoryBean.afterPropertiesSet(AbstractEntityManagerFactoryBean.java:411) ~[spring-orm-7.0.7.jar:7.0.7]
	at org.springframework.orm.jpa.LocalContainerEntityManagerFactoryBean.afterPropertiesSet(LocalContainerEntityManagerFactoryBean.java:419) ~[spring-orm-7.0.7.jar:7.0.7]
	at org.springframework.beans.factory.support.AbstractAutowireCapableBeanFactory.invokeInitMethods(AbstractAutowireCapableBeanFactory.java:1864) ~[spring-beans-7.0.7.jar:7.0.7]
	at org.springframework.beans.factory.support.AbstractAutowireCapableBeanFactory.initializeBean(AbstractAutowireCapableBeanFactory.java:1813) ~[spring-beans-7.0.7.jar:7.0.7]
	at org.springframework.beans.factory.support.AbstractAutowireCapableBeanFactory.doCreateBean(AbstractAutowireCapableBeanFactory.java:603) ~[spring-beans-7.0.7.jar:7.0.7]
	at org.springframework.beans.factory.support.AbstractAutowireCapableBeanFactory.createBean(AbstractAutowireCapableBeanFactory.java:525) ~[spring-beans-7.0.7.jar:7.0.7]
	at org.springframework.beans.factory.support.AbstractBeanFactory.lambda$doGetBean$0(AbstractBeanFactory.java:333) ~[spring-beans-7.0.7.jar:7.0.7]
	at org.springframework.beans.factory.support.DefaultSingletonBeanRegistry.getSingleton(DefaultSingletonBeanRegistry.java:371) ~[spring-beans-7.0.7.jar:7.0.7]
	at org.springframework.beans.factory.support.AbstractBeanFactory.doGetBean(AbstractBeanFactory.java:331) ~[spring-beans-7.0.7.jar:7.0.7]
	at org.springframework.beans.factory.support.AbstractBeanFactory.getBean(AbstractBeanFactory.java:201) ~[spring-beans-7.0.7.jar:7.0.7]
	at org.springframework.context.support.AbstractApplicationContext.finishBeanFactoryInitialization(AbstractApplicationContext.java:977) ~[spring-context-7.0.7.jar:7.0.7]
	at org.springframework.context.support.AbstractApplicationContext.refresh(AbstractApplicationContext.java:621) ~[spring-context-7.0.7.jar:7.0.7]
	at org.springframework.boot.web.server.servlet.context.ServletWebServerApplicationContext.refresh(ServletWebServerApplicationContext.java:143) ~[spring-boot-web-server-4.0.6.jar:4.0.6]
	at org.springframework.boot.SpringApplication.refresh(SpringApplication.java:756) ~[spring-boot-4.0.6.jar:4.0.6]
	at org.springframework.boot.SpringApplication.refreshContext(SpringApplication.java:445) ~[spring-boot-4.0.6.jar:4.0.6]
	at org.springframework.boot.SpringApplication.run(SpringApplication.java:321) ~[spring-boot-4.0.6.jar:4.0.6]
	at org.springframework.boot.SpringApplication.run(SpringApplication.java:1365) ~[spring-boot-4.0.6.jar:4.0.6]
	at org.springframework.boot.SpringApplication.run(SpringApplication.java:1354) ~[spring-boot-4.0.6.jar:4.0.6]
	at com.mohit.graohql.GraphQL.GraphQlApplication.main(GraphQlApplication.java:25) ~[classes/:na]
Caused by: java.sql.SQLSyntaxErrorException: Table 'sys.review' doesn't exist
	at com.mysql.cj.jdbc.exceptions.SQLError.createSQLException(SQLError.java:112) ~[mysql-connector-j-9.7.0.jar:9.7.0]
	at com.mysql.cj.jdbc.exceptions.SQLExceptionsMapping.translateException(SQLExceptionsMapping.java:114) ~[mysql-connector-j-9.7.0.jar:9.7.0]
	at com.mysql.cj.jdbc.StatementImpl.executeInternal(StatementImpl.java:839) ~[mysql-connector-j-9.7.0.jar:9.7.0]
	at com.mysql.cj.jdbc.StatementImpl.execute(StatementImpl.java:687) ~[mysql-connector-j-9.7.0.jar:9.7.0]
	at com.zaxxer.hikari.pool.ProxyStatement.execute(ProxyStatement.java:95) ~[HikariCP-7.0.2.jar:na]
	at com.zaxxer.hikari.pool.HikariProxyStatement.execute(HikariProxyStatement.java) ~[HikariCP-7.0.2.jar:na]
	at org.hibernate.tool.schema.internal.exec.GenerationTargetToDatabase.accept(GenerationTargetToDatabase.java:76) ~[hibernate-core-7.2.12.Final.jar:7.2.12.Final]
	... 40 common frames omitted

Hibernate: drop table if exists movie
Hibernate: drop table if exists review
Hibernate: create table movie (release_year integer not null, id bigint not null auto_increment, category varchar(255), director varchar(255), name varchar(255), primary key (id)) engine=InnoDB
Hibernate: create table review (rating integer not null, id bigint not null auto_increment, movie_id bigint, comment varchar(255), reviewer_name varchar(255), primary key (id)) engine=InnoDB
Hibernate: alter table review add constraint FK8378dhlpvq0e9tnkn9mx0r64i foreign key (movie_id) references movie (id)
2026-05-03T14:30:04.985+05:30  INFO 6538 --- [GraphQL] [           main] j.LocalContainerEntityManagerFactoryBean : Initialized JPA EntityManagerFactory for persistence unit 'default'
2026-05-03T14:30:05.024+05:30  INFO 6538 --- [GraphQL] [           main] o.s.d.j.r.query.QueryEnhancerFactories   : Hibernate is in classpath; If applicable, HQL parser will be used.
Hibernate: insert into movie (category,director,name,release_year) values (?,?,?,?)
Hibernate: insert into review (comment,movie_id,rating,reviewer_name) values (?,?,?,?)
Hibernate: insert into movie (category,director,name,release_year) values (?,?,?,?)
Hibernate: insert into review (comment,movie_id,rating,reviewer_name) values (?,?,?,?)
Hibernate: insert into movie (category,director,name,release_year) values (?,?,?,?)
Hibernate: insert into review (comment,movie_id,rating,reviewer_name) values (?,?,?,?)
Hibernate: insert into movie (category,director,name,release_year) values (?,?,?,?)
Hibernate: insert into review (comment,movie_id,rating,reviewer_name) values (?,?,?,?)
Hibernate: insert into movie (category,director,name,release_year) values (?,?,?,?)
Hibernate: insert into review (comment,movie_id,rating,reviewer_name) values (?,?,?,?)
Hibernate: insert into movie (category,director,name,release_year) values (?,?,?,?)
Hibernate: insert into review (comment,movie_id,rating,reviewer_name) values (?,?,?,?)
2026-05-03T14:30:05.166+05:30  WARN 6538 --- [GraphQL] [           main] i.n.r.d.DnsServerAddressStreamProviders  : Can not find io.netty.resolver.dns.macos.MacOSDnsServerAddressStreamProvider in the classpath, fallback to system defaults. This may result in incorrect DNS resolutions on MacOS. Check whether you have a dependency on 'io.netty:netty-resolver-dns-native-macos'
2026-05-03T14:30:05.250+05:30  WARN 6538 --- [GraphQL] [           main] JpaBaseConfiguration$JpaWebConfiguration : spring.jpa.open-in-view is enabled by default. Therefore, database queries may be performed during view rendering. Explicitly configure spring.jpa.open-in-view to disable this warning
2026-05-03T14:30:05.395+05:30  INFO 6538 --- [GraphQL] [           main] efaultSchemaResourceGraphQlSourceBuilder : Loaded 1 resource(s) in the GraphQL schema.
2026-05-03T14:30:05.453+05:30  INFO 6538 --- [GraphQL] [           main] o.s.b.g.a.GraphQlAutoConfiguration       : GraphQL schema inspection:
	Unmapped fields: {}
	Unmapped registrations: {}
	Unmapped arguments: {}
	Field nullness errors: {}
	Argument nullness errors: {}
	Skipped types: []
2026-05-03T14:30:05.462+05:30  INFO 6538 --- [GraphQL] [           main] s.b.g.a.s.GraphQlWebMvcAutoConfiguration : GraphQL endpoint HTTP POST /graphql
2026-05-03T14:30:05.588+05:30  INFO 6538 --- [GraphQL] [           main] o.s.boot.tomcat.TomcatWebServer          : Tomcat started on port 8080 (http) with context path '/'
2026-05-03T14:30:05.593+05:30  INFO 6538 --- [GraphQL] [           main] c.m.graohql.GraphQL.GraphQlApplication   : Started GraphQlApplication in 2.42 seconds (process running for 2.567)
2026-05-03T14:30:31.579+05:30  INFO 6538 --- [GraphQL] [nio-8080-exec-1] o.a.c.c.C.[Tomcat].[localhost].[/]       : Initializing Spring DispatcherServlet 'dispatcherServlet'
2026-05-03T14:30:31.581+05:30  INFO 6538 --- [GraphQL] [nio-8080-exec-1] o.s.web.servlet.DispatcherServlet        : Initializing Servlet 'dispatcherServlet'
2026-05-03T14:30:31.587+05:30  INFO 6538 --- [GraphQL] [nio-8080-exec-1] o.s.web.servlet.DispatcherServlet        : Completed initialization in 6 ms
Hibernate: select m1_0.id,m1_0.category,m1_0.director,m1_0.name,m1_0.release_year from movie m1_0 where m1_0.name=?
2026-05-03T14:30:34.003+05:30 ERROR 6538 --- [GraphQL] [nio-8080-exec-3] s.g.e.ExceptionResolversExceptionHandler : Unresolved SerializationException for executionId 0aa87ade-505f-d028-206e-245f46c24c1c

org.springframework.data.redis.serializer.SerializationException: Cannot serialize
	at org.springframework.data.redis.serializer.JdkSerializationRedisSerializer.serialize(JdkSerializationRedisSerializer.java:97) ~[spring-data-redis-4.0.5.jar:4.0.5]
	at org.springframework.data.redis.serializer.DefaultRedisElementWriter.write(DefaultRedisElementWriter.java:42) ~[spring-data-redis-4.0.5.jar:4.0.5]
	at org.springframework.data.redis.serializer.RedisSerializationContext$SerializationPair.write(RedisSerializationContext.java:291) ~[spring-data-redis-4.0.5.jar:4.0.5]
	at org.springframework.data.redis.cache.RedisCache.serializeCacheValue(RedisCache.java:358) ~[spring-data-redis-4.0.5.jar:4.0.5]
	at org.springframework.data.redis.cache.RedisCache.put(RedisCache.java:206) ~[spring-data-redis-4.0.5.jar:4.0.5]
	at org.springframework.cache.interceptor.AbstractCacheInvoker.doPut(AbstractCacheInvoker.java:155) ~[spring-context-7.0.7.jar:7.0.7]
	at org.springframework.cache.interceptor.CacheAspectSupport$CachePutRequest.performCachePut(CacheAspectSupport.java:1068) ~[spring-context-7.0.7.jar:7.0.7]
	at org.springframework.cache.interceptor.CacheAspectSupport$CachePutRequest.apply(CacheAspectSupport.java:1053) ~[spring-context-7.0.7.jar:7.0.7]
	at org.springframework.cache.interceptor.CacheAspectSupport.evaluate(CacheAspectSupport.java:606) ~[spring-context-7.0.7.jar:7.0.7]
	at org.springframework.cache.interceptor.CacheAspectSupport.execute(CacheAspectSupport.java:442) ~[spring-context-7.0.7.jar:7.0.7]
	at org.springframework.cache.interceptor.CacheAspectSupport.execute(CacheAspectSupport.java:406) ~[spring-context-7.0.7.jar:7.0.7]
	at org.springframework.cache.interceptor.CacheInterceptor.invoke(CacheInterceptor.java:64) ~[spring-context-7.0.7.jar:7.0.7]
	at org.springframework.aop.framework.ReflectiveMethodInvocation.proceed(ReflectiveMethodInvocation.java:179) ~[spring-aop-7.0.7.jar:7.0.7]
	at org.springframework.aop.framework.CglibAopProxy$DynamicAdvisedInterceptor.intercept(CglibAopProxy.java:719) ~[spring-aop-7.0.7.jar:7.0.7]
	at com.mohit.graohql.GraphQL.Service.MovieService$$SpringCGLIB$$0.getAMovieByName(<generated>) ~[classes/:na]
	at com.mohit.graohql.GraphQL.Controller.MovieGraphController.addReviewToMovie(MovieGraphController.java:32) ~[classes/:na]
	at java.base/jdk.internal.reflect.DirectMethodHandleAccessor.invoke(DirectMethodHandleAccessor.java:103) ~[na:na]
	at java.base/java.lang.reflect.Method.invoke(Method.java:580) ~[na:na]
	at org.springframework.graphql.data.method.InvocableHandlerMethodSupport.doInvoke(InvocableHandlerMethodSupport.java:120) ~[spring-graphql-2.0.3.jar:2.0.3]
	at org.springframework.graphql.data.method.annotation.support.DataFetcherHandlerMethod.validateAndInvoke(DataFetcherHandlerMethod.java:144) ~[spring-graphql-2.0.3.jar:2.0.3]
	at org.springframework.graphql.data.method.annotation.support.DataFetcherHandlerMethod.invoke(DataFetcherHandlerMethod.java:128) ~[spring-graphql-2.0.3.jar:2.0.3]
	at org.springframework.graphql.data.method.annotation.support.DataFetcherHandlerMethod.invoke(DataFetcherHandlerMethod.java:107) ~[spring-graphql-2.0.3.jar:2.0.3]
	at org.springframework.graphql.data.method.annotation.support.AnnotatedControllerConfigurer$SchemaMappingDataFetcher.get(AnnotatedControllerConfigurer.java:522) ~[spring-graphql-2.0.3.jar:2.0.3]
	at org.springframework.graphql.execution.ContextDataFetcherDecorator.lambda$get$0(ContextDataFetcherDecorator.java:92) ~[spring-graphql-2.0.3.jar:2.0.3]
	at io.micrometer.context.ContextSnapshot.lambda$wrap$1(ContextSnapshot.java:106) ~[context-propagation-1.2.1.jar:1.2.1]
	at org.springframework.graphql.execution.ContextDataFetcherDecorator.get(ContextDataFetcherDecorator.java:92) ~[spring-graphql-2.0.3.jar:2.0.3]
	at graphql.execution.ExecutionStrategy.invokeDataFetcher(ExecutionStrategy.java:512) ~[graphql-java-25.0.jar:na]
	at graphql.execution.ExecutionStrategy.fetchField(ExecutionStrategy.java:466) ~[graphql-java-25.0.jar:na]
	at graphql.execution.ExecutionStrategy.fetchField(ExecutionStrategy.java:404) ~[graphql-java-25.0.jar:na]
	at graphql.execution.ExecutionStrategy.resolveFieldWithInfo(ExecutionStrategy.java:360) ~[graphql-java-25.0.jar:na]
	at graphql.execution.AsyncSerialExecutionStrategy.resolveSerialField(AsyncSerialExecutionStrategy.java:73) ~[graphql-java-25.0.jar:na]
	at graphql.execution.AsyncSerialExecutionStrategy.lambda$execute$0(AsyncSerialExecutionStrategy.java:57) ~[graphql-java-25.0.jar:na]
	at graphql.execution.Async.eachSequentiallyPolymorphicImpl(Async.java:332) ~[graphql-java-25.0.jar:na]
	at graphql.execution.Async.eachSequentially(Async.java:320) ~[graphql-java-25.0.jar:na]
	at graphql.execution.AsyncSerialExecutionStrategy.execute(AsyncSerialExecutionStrategy.java:52) ~[graphql-java-25.0.jar:na]
	at graphql.execution.Execution.executeOperation(Execution.java:220) ~[graphql-java-25.0.jar:na]
	at graphql.execution.Execution.execute(Execution.java:139) ~[graphql-java-25.0.jar:na]
	at graphql.GraphQL.execute(GraphQL.java:620) ~[graphql-java-25.0.jar:na]
	at graphql.GraphQL.lambda$parseValidateAndExecute$5(GraphQL.java:549) ~[graphql-java-25.0.jar:na]
	at java.base/java.util.concurrent.CompletableFuture.uniComposeStage(CompletableFuture.java:1231) ~[na:na]
	at java.base/java.util.concurrent.CompletableFuture.thenCompose(CompletableFuture.java:2385) ~[na:na]
	at graphql.EngineRunningState.compose(EngineRunningState.java:91) ~[graphql-java-25.0.jar:na]
	at graphql.GraphQL.parseValidateAndExecute(GraphQL.java:544) ~[graphql-java-25.0.jar:na]
	at graphql.GraphQL.lambda$executeAsync$1(GraphQL.java:504) ~[graphql-java-25.0.jar:na]
	at java.base/java.util.concurrent.CompletableFuture.uniComposeStage(CompletableFuture.java:1231) ~[na:na]
	at java.base/java.util.concurrent.CompletableFuture.thenCompose(CompletableFuture.java:2385) ~[na:na]
	at graphql.EngineRunningState.compose(EngineRunningState.java:91) ~[graphql-java-25.0.jar:na]
	at graphql.GraphQL.lambda$executeAsync$2(GraphQL.java:493) ~[graphql-java-25.0.jar:na]
	at graphql.EngineRunningState.engineRun(EngineRunningState.java:202) ~[graphql-java-25.0.jar:na]
	at graphql.GraphQL.executeAsync(GraphQL.java:485) ~[graphql-java-25.0.jar:na]
	at org.springframework.graphql.execution.DefaultExecutionGraphQlService.lambda$execute$0(DefaultExecutionGraphQlService.java:95) ~[spring-graphql-2.0.3.jar:2.0.3]
	at reactor.core.publisher.MonoDeferContextual.subscribe(MonoDeferContextual.java:48) ~[reactor-core-3.8.5.jar:3.8.5]
	at reactor.core.publisher.Mono.subscribe(Mono.java:4569) ~[reactor-core-3.8.5.jar:3.8.5]
	at reactor.core.publisher.Mono.subscribeWith(Mono.java:4634) ~[reactor-core-3.8.5.jar:3.8.5]
	at reactor.core.publisher.Mono.toFuture(Mono.java:5146) ~[reactor-core-3.8.5.jar:3.8.5]
	at org.springframework.graphql.server.webmvc.GraphQlHttpHandler.prepareResponse(GraphQlHttpHandler.java:119) ~[spring-graphql-2.0.3.jar:2.0.3]
	at org.springframework.graphql.server.webmvc.AbstractGraphQlHttpHandler.handleRequest(AbstractGraphQlHttpHandler.java:135) ~[spring-graphql-2.0.3.jar:2.0.3]
	at org.springframework.web.servlet.function.support.HandlerFunctionAdapter.handle(HandlerFunctionAdapter.java:106) ~[spring-webmvc-7.0.7.jar:7.0.7]
	at org.springframework.web.servlet.DispatcherServlet.doDispatch(DispatcherServlet.java:963) ~[spring-webmvc-7.0.7.jar:7.0.7]
	at org.springframework.web.servlet.DispatcherServlet.doService(DispatcherServlet.java:866) ~[spring-webmvc-7.0.7.jar:7.0.7]
	at org.springframework.web.servlet.FrameworkServlet.processRequest(FrameworkServlet.java:1000) ~[spring-webmvc-7.0.7.jar:7.0.7]
	at org.springframework.web.servlet.FrameworkServlet.doPost(FrameworkServlet.java:903) ~[spring-webmvc-7.0.7.jar:7.0.7]
	at jakarta.servlet.http.HttpServlet.service(HttpServlet.java:649) ~[tomcat-embed-core-11.0.21.jar:6.1]
	at org.springframework.web.servlet.FrameworkServlet.service(FrameworkServlet.java:874) ~[spring-webmvc-7.0.7.jar:7.0.7]
	at jakarta.servlet.http.HttpServlet.service(HttpServlet.java:710) ~[tomcat-embed-core-11.0.21.jar:6.1]
	at org.apache.catalina.core.ApplicationFilterChain.doFilter(ApplicationFilterChain.java:128) ~[tomcat-embed-core-11.0.21.jar:11.0.21]
	at org.apache.tomcat.websocket.server.WsFilter.doFilter(WsFilter.java:53) ~[tomcat-embed-websocket-11.0.21.jar:11.0.21]
	at org.apache.catalina.core.ApplicationFilterChain.doFilter(ApplicationFilterChain.java:107) ~[tomcat-embed-core-11.0.21.jar:11.0.21]
	at org.springframework.web.filter.RequestContextFilter.doFilterInternal(RequestContextFilter.java:100) ~[spring-web-7.0.7.jar:7.0.7]
	at org.springframework.web.filter.OncePerRequestFilter.doFilter(OncePerRequestFilter.java:116) ~[spring-web-7.0.7.jar:7.0.7]
	at org.apache.catalina.core.ApplicationFilterChain.doFilter(ApplicationFilterChain.java:107) ~[tomcat-embed-core-11.0.21.jar:11.0.21]
	at org.springframework.web.filter.FormContentFilter.doFilterInternal(FormContentFilter.java:93) ~[spring-web-7.0.7.jar:7.0.7]
	at org.springframework.web.filter.OncePerRequestFilter.doFilter(OncePerRequestFilter.java:116) ~[spring-web-7.0.7.jar:7.0.7]
	at org.apache.catalina.core.ApplicationFilterChain.doFilter(ApplicationFilterChain.java:107) ~[tomcat-embed-core-11.0.21.jar:11.0.21]
	at org.springframework.web.filter.CharacterEncodingFilter.doFilterInternal(CharacterEncodingFilter.java:199) ~[spring-web-7.0.7.jar:7.0.7]
	at org.springframework.web.filter.OncePerRequestFilter.doFilter(OncePerRequestFilter.java:116) ~[spring-web-7.0.7.jar:7.0.7]
	at org.apache.catalina.core.ApplicationFilterChain.doFilter(ApplicationFilterChain.java:107) ~[tomcat-embed-core-11.0.21.jar:11.0.21]
	at org.apache.catalina.core.StandardWrapperValve.invoke(StandardWrapperValve.java:165) ~[tomcat-embed-core-11.0.21.jar:11.0.21]
	at org.apache.catalina.core.StandardContextValve.invoke(StandardContextValve.java:77) ~[tomcat-embed-core-11.0.21.jar:11.0.21]
	at org.apache.catalina.authenticator.AuthenticatorBase.invoke(AuthenticatorBase.java:492) ~[tomcat-embed-core-11.0.21.jar:11.0.21]
	at org.apache.catalina.core.StandardHostValve.invoke(StandardHostValve.java:113) ~[tomcat-embed-core-11.0.21.jar:11.0.21]
	at org.apache.catalina.valves.ErrorReportValve.invoke(ErrorReportValve.java:83) ~[tomcat-embed-core-11.0.21.jar:11.0.21]
	at org.apache.catalina.core.StandardEngineValve.invoke(StandardEngineValve.java:72) ~[tomcat-embed-core-11.0.21.jar:11.0.21]
	at org.apache.catalina.connector.CoyoteAdapter.service(CoyoteAdapter.java:341) ~[tomcat-embed-core-11.0.21.jar:11.0.21]
	at org.apache.coyote.http11.Http11Processor.service(Http11Processor.java:397) ~[tomcat-embed-core-11.0.21.jar:11.0.21]
	at org.apache.coyote.AbstractProcessorLight.process(AbstractProcessorLight.java:63) ~[tomcat-embed-core-11.0.21.jar:11.0.21]
	at org.apache.coyote.AbstractProtocol$ConnectionHandler.process(AbstractProtocol.java:903) ~[tomcat-embed-core-11.0.21.jar:11.0.21]
	at org.apache.tomcat.util.net.NioEndpoint$SocketProcessor.doRun(NioEndpoint.java:1801) ~[tomcat-embed-core-11.0.21.jar:11.0.21]
	at org.apache.tomcat.util.net.SocketProcessorBase.run(SocketProcessorBase.java:52) ~[tomcat-embed-core-11.0.21.jar:11.0.21]
	at org.apache.tomcat.util.threads.ThreadPoolExecutor.runWorker(ThreadPoolExecutor.java:946) ~[tomcat-embed-core-11.0.21.jar:11.0.21]
	at org.apache.tomcat.util.threads.ThreadPoolExecutor$Worker.run(ThreadPoolExecutor.java:480) ~[tomcat-embed-core-11.0.21.jar:11.0.21]
	at org.apache.tomcat.util.threads.TaskThread$WrappingRunnable.run(TaskThread.java:57) ~[tomcat-embed-core-11.0.21.jar:11.0.21]
	at java.base/java.lang.Thread.run(Thread.java:1575) ~[na:na]
Caused by: org.springframework.core.serializer.support.SerializationFailedException: Failed to serialize object using DefaultSerializer
	at org.springframework.core.serializer.support.SerializingConverter.convert(SerializingConverter.java:64) ~[spring-core-7.0.7.jar:7.0.7]
	at org.springframework.core.serializer.support.SerializingConverter.convert(SerializingConverter.java:33) ~[spring-core-7.0.7.jar:7.0.7]
	at org.springframework.data.redis.serializer.JdkSerializationRedisSerializer.serialize(JdkSerializationRedisSerializer.java:94) ~[spring-data-redis-4.0.5.jar:4.0.5]
	... 92 common frames omitted
Caused by: java.lang.IllegalArgumentException: DefaultSerializer requires a Serializable payload but received an object of type [com.mohit.graohql.GraphQL.Entity.Movie]
	at org.springframework.core.serializer.DefaultSerializer.serialize(DefaultSerializer.java:43) ~[spring-core-7.0.7.jar:7.0.7]
	at org.springframework.core.serializer.Serializer.serializeToByteArray(Serializer.java:56) ~[spring-core-7.0.7.jar:7.0.7]
	at org.springframework.core.serializer.support.SerializingConverter.convert(SerializingConverter.java:60) ~[spring-core-7.0.7.jar:7.0.7]
	... 94 common frames omitted

Hibernate: select m1_0.id,m1_0.category,m1_0.director,m1_0.name,m1_0.release_year from movie m1_0
2026-05-03T14:30:49.785+05:30 ERROR 6538 --- [GraphQL] [nio-8080-exec-7] s.g.e.ExceptionResolversExceptionHandler : Unresolved SerializationException for executionId c0fed3bb-7472-65f5-7a24-36960afcbf82

org.springframework.data.redis.serializer.SerializationException: Cannot serialize
	at org.springframework.data.redis.serializer.JdkSerializationRedisSerializer.serialize(JdkSerializationRedisSerializer.java:97) ~[spring-data-redis-4.0.5.jar:4.0.5]
	at org.springframework.data.redis.serializer.DefaultRedisElementWriter.write(DefaultRedisElementWriter.java:42) ~[spring-data-redis-4.0.5.jar:4.0.5]
	at org.springframework.data.redis.serializer.RedisSerializationContext$SerializationPair.write(RedisSerializationContext.java:291) ~[spring-data-redis-4.0.5.jar:4.0.5]
	at org.springframework.data.redis.cache.RedisCache.serializeCacheValue(RedisCache.java:358) ~[spring-data-redis-4.0.5.jar:4.0.5]
	at org.springframework.data.redis.cache.RedisCache.put(RedisCache.java:206) ~[spring-data-redis-4.0.5.jar:4.0.5]
	at org.springframework.cache.interceptor.AbstractCacheInvoker.doPut(AbstractCacheInvoker.java:155) ~[spring-context-7.0.7.jar:7.0.7]
	at org.springframework.cache.interceptor.CacheAspectSupport$CachePutRequest.performCachePut(CacheAspectSupport.java:1068) ~[spring-context-7.0.7.jar:7.0.7]
	at org.springframework.cache.interceptor.CacheAspectSupport$CachePutRequest.apply(CacheAspectSupport.java:1053) ~[spring-context-7.0.7.jar:7.0.7]
	at org.springframework.cache.interceptor.CacheAspectSupport.evaluate(CacheAspectSupport.java:606) ~[spring-context-7.0.7.jar:7.0.7]
	at org.springframework.cache.interceptor.CacheAspectSupport.execute(CacheAspectSupport.java:442) ~[spring-context-7.0.7.jar:7.0.7]
	at org.springframework.cache.interceptor.CacheAspectSupport.execute(CacheAspectSupport.java:406) ~[spring-context-7.0.7.jar:7.0.7]
	at org.springframework.cache.interceptor.CacheInterceptor.invoke(CacheInterceptor.java:64) ~[spring-context-7.0.7.jar:7.0.7]
	at org.springframework.aop.framework.ReflectiveMethodInvocation.proceed(ReflectiveMethodInvocation.java:179) ~[spring-aop-7.0.7.jar:7.0.7]
	at org.springframework.aop.framework.CglibAopProxy$DynamicAdvisedInterceptor.intercept(CglibAopProxy.java:719) ~[spring-aop-7.0.7.jar:7.0.7]
	at com.mohit.graohql.GraphQL.Service.MovieService$$SpringCGLIB$$0.getAllMovies(<generated>) ~[classes/:na]
	at com.mohit.graohql.GraphQL.Controller.MovieGraphController.getAllMovies(MovieGraphController.java:22) ~[classes/:na]
	at java.base/jdk.internal.reflect.DirectMethodHandleAccessor.invoke(DirectMethodHandleAccessor.java:103) ~[na:na]
	at java.base/java.lang.reflect.Method.invoke(Method.java:580) ~[na:na]
	at org.springframework.graphql.data.method.InvocableHandlerMethodSupport.doInvoke(InvocableHandlerMethodSupport.java:120) ~[spring-graphql-2.0.3.jar:2.0.3]
	at org.springframework.graphql.data.method.annotation.support.DataFetcherHandlerMethod.validateAndInvoke(DataFetcherHandlerMethod.java:144) ~[spring-graphql-2.0.3.jar:2.0.3]
	at org.springframework.graphql.data.method.annotation.support.DataFetcherHandlerMethod.invoke(DataFetcherHandlerMethod.java:128) ~[spring-graphql-2.0.3.jar:2.0.3]
	at org.springframework.graphql.data.method.annotation.support.DataFetcherHandlerMethod.invoke(DataFetcherHandlerMethod.java:107) ~[spring-graphql-2.0.3.jar:2.0.3]
	at org.springframework.graphql.data.method.annotation.support.AnnotatedControllerConfigurer$SchemaMappingDataFetcher.get(AnnotatedControllerConfigurer.java:522) ~[spring-graphql-2.0.3.jar:2.0.3]
	at org.springframework.graphql.execution.ContextDataFetcherDecorator.lambda$get$0(ContextDataFetcherDecorator.java:92) ~[spring-graphql-2.0.3.jar:2.0.3]
	at io.micrometer.context.ContextSnapshot.lambda$wrap$1(ContextSnapshot.java:106) ~[context-propagation-1.2.1.jar:1.2.1]
	at org.springframework.graphql.execution.ContextDataFetcherDecorator.get(ContextDataFetcherDecorator.java:92) ~[spring-graphql-2.0.3.jar:2.0.3]
	at graphql.execution.ExecutionStrategy.invokeDataFetcher(ExecutionStrategy.java:512) ~[graphql-java-25.0.jar:na]
	at graphql.execution.ExecutionStrategy.fetchField(ExecutionStrategy.java:466) ~[graphql-java-25.0.jar:na]
	at graphql.execution.ExecutionStrategy.fetchField(ExecutionStrategy.java:404) ~[graphql-java-25.0.jar:na]
	at graphql.execution.ExecutionStrategy.resolveFieldWithInfo(ExecutionStrategy.java:360) ~[graphql-java-25.0.jar:na]
	at graphql.execution.ExecutionStrategy.getAsyncFieldValueInfo(ExecutionStrategy.java:325) ~[graphql-java-25.0.jar:na]
	at graphql.execution.AsyncExecutionStrategy.execute(AsyncExecutionStrategy.java:58) ~[graphql-java-25.0.jar:na]
	at graphql.execution.Execution.executeOperation(Execution.java:220) ~[graphql-java-25.0.jar:na]
	at graphql.execution.Execution.execute(Execution.java:139) ~[graphql-java-25.0.jar:na]
	at graphql.GraphQL.execute(GraphQL.java:620) ~[graphql-java-25.0.jar:na]
	at graphql.GraphQL.lambda$parseValidateAndExecute$5(GraphQL.java:549) ~[graphql-java-25.0.jar:na]
	at java.base/java.util.concurrent.CompletableFuture.uniComposeStage(CompletableFuture.java:1231) ~[na:na]
	at java.base/java.util.concurrent.CompletableFuture.thenCompose(CompletableFuture.java:2385) ~[na:na]
	at graphql.EngineRunningState.compose(EngineRunningState.java:91) ~[graphql-java-25.0.jar:na]
	at graphql.GraphQL.parseValidateAndExecute(GraphQL.java:544) ~[graphql-java-25.0.jar:na]
	at graphql.GraphQL.lambda$executeAsync$1(GraphQL.java:504) ~[graphql-java-25.0.jar:na]
	at java.base/java.util.concurrent.CompletableFuture.uniComposeStage(CompletableFuture.java:1231) ~[na:na]
	at java.base/java.util.concurrent.CompletableFuture.thenCompose(CompletableFuture.java:2385) ~[na:na]
	at graphql.EngineRunningState.compose(EngineRunningState.java:91) ~[graphql-java-25.0.jar:na]
	at graphql.GraphQL.lambda$executeAsync$2(GraphQL.java:493) ~[graphql-java-25.0.jar:na]
	at graphql.EngineRunningState.engineRun(EngineRunningState.java:202) ~[graphql-java-25.0.jar:na]
	at graphql.GraphQL.executeAsync(GraphQL.java:485) ~[graphql-java-25.0.jar:na]
	at org.springframework.graphql.execution.DefaultExecutionGraphQlService.lambda$execute$0(DefaultExecutionGraphQlService.java:95) ~[spring-graphql-2.0.3.jar:2.0.3]
	at reactor.core.publisher.MonoDeferContextual.subscribe(MonoDeferContextual.java:48) ~[reactor-core-3.8.5.jar:3.8.5]
	at reactor.core.publisher.Mono.subscribe(Mono.java:4569) ~[reactor-core-3.8.5.jar:3.8.5]
	at reactor.core.publisher.Mono.subscribeWith(Mono.java:4634) ~[reactor-core-3.8.5.jar:3.8.5]
	at reactor.core.publisher.Mono.toFuture(Mono.java:5146) ~[reactor-core-3.8.5.jar:3.8.5]
	at org.springframework.graphql.server.webmvc.GraphQlHttpHandler.prepareResponse(GraphQlHttpHandler.java:119) ~[spring-graphql-2.0.3.jar:2.0.3]
	at org.springframework.graphql.server.webmvc.AbstractGraphQlHttpHandler.handleRequest(AbstractGraphQlHttpHandler.java:135) ~[spring-graphql-2.0.3.jar:2.0.3]
	at org.springframework.web.servlet.function.support.HandlerFunctionAdapter.handle(HandlerFunctionAdapter.java:106) ~[spring-webmvc-7.0.7.jar:7.0.7]
	at org.springframework.web.servlet.DispatcherServlet.doDispatch(DispatcherServlet.java:963) ~[spring-webmvc-7.0.7.jar:7.0.7]
	at org.springframework.web.servlet.DispatcherServlet.doService(DispatcherServlet.java:866) ~[spring-webmvc-7.0.7.jar:7.0.7]
	at org.springframework.web.servlet.FrameworkServlet.processRequest(FrameworkServlet.java:1000) ~[spring-webmvc-7.0.7.jar:7.0.7]
	at org.springframework.web.servlet.FrameworkServlet.doPost(FrameworkServlet.java:903) ~[spring-webmvc-7.0.7.jar:7.0.7]
	at jakarta.servlet.http.HttpServlet.service(HttpServlet.java:649) ~[tomcat-embed-core-11.0.21.jar:6.1]
	at org.springframework.web.servlet.FrameworkServlet.service(FrameworkServlet.java:874) ~[spring-webmvc-7.0.7.jar:7.0.7]
	at jakarta.servlet.http.HttpServlet.service(HttpServlet.java:710) ~[tomcat-embed-core-11.0.21.jar:6.1]
	at org.apache.catalina.core.ApplicationFilterChain.doFilter(ApplicationFilterChain.java:128) ~[tomcat-embed-core-11.0.21.jar:11.0.21]
	at org.apache.tomcat.websocket.server.WsFilter.doFilter(WsFilter.java:53) ~[tomcat-embed-websocket-11.0.21.jar:11.0.21]
	at org.apache.catalina.core.ApplicationFilterChain.doFilter(ApplicationFilterChain.java:107) ~[tomcat-embed-core-11.0.21.jar:11.0.21]
	at org.springframework.web.filter.RequestContextFilter.doFilterInternal(RequestContextFilter.java:100) ~[spring-web-7.0.7.jar:7.0.7]
	at org.springframework.web.filter.OncePerRequestFilter.doFilter(OncePerRequestFilter.java:116) ~[spring-web-7.0.7.jar:7.0.7]
	at org.apache.catalina.core.ApplicationFilterChain.doFilter(ApplicationFilterChain.java:107) ~[tomcat-embed-core-11.0.21.jar:11.0.21]
	at org.springframework.web.filter.FormContentFilter.doFilterInternal(FormContentFilter.java:93) ~[spring-web-7.0.7.jar:7.0.7]
	at org.springframework.web.filter.OncePerRequestFilter.doFilter(OncePerRequestFilter.java:116) ~[spring-web-7.0.7.jar:7.0.7]
	at org.apache.catalina.core.ApplicationFilterChain.doFilter(ApplicationFilterChain.java:107) ~[tomcat-embed-core-11.0.21.jar:11.0.21]
	at org.springframework.web.filter.CharacterEncodingFilter.doFilterInternal(CharacterEncodingFilter.java:199) ~[spring-web-7.0.7.jar:7.0.7]
	at org.springframework.web.filter.OncePerRequestFilter.doFilter(OncePerRequestFilter.java:116) ~[spring-web-7.0.7.jar:7.0.7]
	at org.apache.catalina.core.ApplicationFilterChain.doFilter(ApplicationFilterChain.java:107) ~[tomcat-embed-core-11.0.21.jar:11.0.21]
	at org.apache.catalina.core.StandardWrapperValve.invoke(StandardWrapperValve.java:165) ~[tomcat-embed-core-11.0.21.jar:11.0.21]
	at org.apache.catalina.core.StandardContextValve.invoke(StandardContextValve.java:77) ~[tomcat-embed-core-11.0.21.jar:11.0.21]
	at org.apache.catalina.authenticator.AuthenticatorBase.invoke(AuthenticatorBase.java:492) ~[tomcat-embed-core-11.0.21.jar:11.0.21]
	at org.apache.catalina.core.StandardHostValve.invoke(StandardHostValve.java:113) ~[tomcat-embed-core-11.0.21.jar:11.0.21]
	at org.apache.catalina.valves.ErrorReportValve.invoke(ErrorReportValve.java:83) ~[tomcat-embed-core-11.0.21.jar:11.0.21]
	at org.apache.catalina.core.StandardEngineValve.invoke(StandardEngineValve.java:72) ~[tomcat-embed-core-11.0.21.jar:11.0.21]
	at org.apache.catalina.connector.CoyoteAdapter.service(CoyoteAdapter.java:341) ~[tomcat-embed-core-11.0.21.jar:11.0.21]
	at org.apache.coyote.http11.Http11Processor.service(Http11Processor.java:397) ~[tomcat-embed-core-11.0.21.jar:11.0.21]
	at org.apache.coyote.AbstractProcessorLight.process(AbstractProcessorLight.java:63) ~[tomcat-embed-core-11.0.21.jar:11.0.21]
	at org.apache.coyote.AbstractProtocol$ConnectionHandler.process(AbstractProtocol.java:903) ~[tomcat-embed-core-11.0.21.jar:11.0.21]
	at org.apache.tomcat.util.net.NioEndpoint$SocketProcessor.doRun(NioEndpoint.java:1801) ~[tomcat-embed-core-11.0.21.jar:11.0.21]
	at org.apache.tomcat.util.net.SocketProcessorBase.run(SocketProcessorBase.java:52) ~[tomcat-embed-core-11.0.21.jar:11.0.21]
	at org.apache.tomcat.util.threads.ThreadPoolExecutor.runWorker(ThreadPoolExecutor.java:946) ~[tomcat-embed-core-11.0.21.jar:11.0.21]
	at org.apache.tomcat.util.threads.ThreadPoolExecutor$Worker.run(ThreadPoolExecutor.java:480) ~[tomcat-embed-core-11.0.21.jar:11.0.21]
	at org.apache.tomcat.util.threads.TaskThread$WrappingRunnable.run(TaskThread.java:57) ~[tomcat-embed-core-11.0.21.jar:11.0.21]
	at java.base/java.lang.Thread.run(Thread.java:1575) ~[na:na]
Caused by: org.springframework.core.serializer.support.SerializationFailedException: Failed to serialize object using DefaultSerializer
	at org.springframework.core.serializer.support.SerializingConverter.convert(SerializingConverter.java:64) ~[spring-core-7.0.7.jar:7.0.7]
	at org.springframework.core.serializer.support.SerializingConverter.convert(SerializingConverter.java:33) ~[spring-core-7.0.7.jar:7.0.7]
	at org.springframework.data.redis.serializer.JdkSerializationRedisSerializer.serialize(JdkSerializationRedisSerializer.java:94) ~[spring-data-redis-4.0.5.jar:4.0.5]
	... 89 common frames omitted
Caused by: java.io.NotSerializableException: com.mohit.graohql.GraphQL.Entity.Movie
	at java.base/java.io.ObjectOutputStream.writeObject0(ObjectOutputStream.java:1201) ~[na:na]
	at java.base/java.io.ObjectOutputStream.writeObject(ObjectOutputStream.java:359) ~[na:na]
	at java.base/java.util.ArrayList.writeObject(ArrayList.java:949) ~[na:na]
	at java.base/jdk.internal.reflect.DirectMethodHandleAccessor.invoke(DirectMethodHandleAccessor.java:103) ~[na:na]
	at java.base/java.lang.reflect.Method.invoke(Method.java:580) ~[na:na]
	at java.base/java.io.ObjectStreamClass.invokeWriteObject(ObjectStreamClass.java:1084) ~[na:na]
	at java.base/java.io.ObjectOutputStream.writeSerialData(ObjectOutputStream.java:1530) ~[na:na]
	at java.base/java.io.ObjectOutputStream.writeOrdinaryObject(ObjectOutputStream.java:1452) ~[na:na]
	at java.base/java.io.ObjectOutputStream.writeObject0(ObjectOutputStream.java:1195) ~[na:na]
	at java.base/java.io.ObjectOutputStream.writeObject(ObjectOutputStream.java:359) ~[na:na]
	at org.springframework.core.serializer.DefaultSerializer.serialize(DefaultSerializer.java:46) ~[spring-core-7.0.7.jar:7.0.7]
	at org.springframework.core.serializer.Serializer.serializeToByteArray(Serializer.java:56) ~[spring-core-7.0.7.jar:7.0.7]
	at org.springframework.core.serializer.support.SerializingConverter.convert(SerializingConverter.java:60) ~[spring-core-7.0.7.jar:7.0.7]
	... 91 common frames omitted

2026-05-03T14:31:15.134+05:30  INFO 6538 --- [GraphQL] [ionShutdownHook] o.s.boot.tomcat.GracefulShutdown         : Commencing graceful shutdown. Waiting for active requests to complete
2026-05-03T14:31:15.137+05:30  INFO 6538 --- [GraphQL] [tomcat-shutdown] o.s.boot.tomcat.GracefulShutdown         : Graceful shutdown complete
2026-05-03T14:31:15.149+05:30  INFO 6538 --- [GraphQL] [ionShutdownHook] j.LocalContainerEntityManagerFactoryBean : Closing JPA EntityManagerFactory for persistence unit 'default'
Hibernate: alter table review drop foreign key FK8378dhlpvq0e9tnkn9mx0r64i
Hibernate: drop table if exists movie
Hibernate: drop table if exists review
2026-05-03T14:31:15.185+05:30  INFO 6538 --- [GraphQL] [ionShutdownHook] com.zaxxer.hikari.HikariDataSource       : HikariPool-1 - Shutdown initiated...
2026-05-03T14:31:15.189+05:30  INFO 6538 --- [GraphQL] [ionShutdownHook] com.zaxxer.hikari.HikariDataSource       : HikariPool-1 - Shutdown completed.
